# JRE version: OpenJDK Runtime Environment (15.0+36) (build 15+36-1562)
# Java VM: OpenJDK 64-Bit Server VM (15+36-1562, mixed mode, tiered, compressed oops, g1 gc, linux-amd64)
GC Precious Log:
 CPUs: 8 total, 8 available
 Memory: 15699M
 Large Page Support: Disabled
 NUMA Support: Disabled
 Compressed Oops: Enabled (Zero based)
 Heap Region Size: 2M
 Heap Min Capacity: 8M
 Heap Initial Capacity: 246M
 Heap Max Capacity: 3926M
 Pre-touch: Disabled
 Parallel Workers: 8
 Concurrent Workers: 2
 Concurrent Refinement Workers: 8
 Periodic GC: Disabled
Heap:
 garbage-first heap   total 122880K, used 67996K [0x000000070aa00000, 0x0000000800000000)
  region size 2048K, 19 young (38912K), 2 survivors (4096K)
 Metaspace       used 77199K, capacity 77782K, committed 78124K, reserved 1118208K
  class space    used 9836K, capacity 10034K, committed 10112K, reserved 1048576K
GC Heap History (20 events):
Event: 3,010 GC heap before
{Heap before GC invocations=12 (full 0):
 garbage-first heap   total 83968K, used 60728K [0x000000070aa00000, 0x0000000800000000)
  region size 2048K, 24 young (49152K), 2 survivors (4096K)
 Metaspace       used 40123K, capacity 40555K, committed 40960K, reserved 1085440K
  class space    used 4655K, capacity 4804K, committed 4864K, reserved 1048576K
}
Event: 3,013 GC heap after
{Heap after GC invocations=13 (full 0):
 garbage-first heap   total 83968K, used 16986K [0x000000070aa00000, 0x0000000800000000)
  region size 2048K, 3 young (6144K), 3 survivors (6144K)
 Metaspace       used 40123K, capacity 40555K, committed 40960K, reserved 1085440K
  class space    used 4655K, capacity 4804K, committed 4864K, reserved 1048576K
}
Event: 3,474 GC heap before
{Heap before GC invocations=13 (full 0):
 garbage-first heap   total 83968K, used 59994K [0x000000070aa00000, 0x0000000800000000)
  region size 2048K, 24 young (49152K), 3 survivors (6144K)
 Metaspace       used 43699K, capacity 44193K, committed 44416K, reserved 1089536K
  class space    used 5067K, capacity 5217K, committed 5248K, reserved 1048576K
}
Event: 3,481 GC heap after
{Heap after GC invocations=14 (full 0):
 garbage-first heap   total 83968K, used 19566K [0x000000070aa00000, 0x0000000800000000)
  region size 2048K, 3 young (6144K), 3 survivors (6144K)
 Metaspace       used 43699K, capacity 44193K, committed 44416K, reserved 1089536K
  class space    used 5067K, capacity 5217K, committed 5248K, reserved 1048576K
}
Event: 3,739 GC heap before
{Heap before GC invocations=14 (full 0):
 garbage-first heap   total 83968K, used 62574K [0x000000070aa00000, 0x0000000800000000)
  region size 2048K, 24 young (49152K), 3 survivors (6144K)
 Metaspace       used 47928K, capacity 48298K, committed 48512K, reserved 1091584K
  class space    used 5850K, capacity 5987K, committed 6016K, reserved 1048576K
}
Event: 3,744 GC heap after
{Heap after GC invocations=15 (full 0):
 garbage-first heap   total 83968K, used 20339K [0x000000070aa00000, 0x0000000800000000)
  region size 2048K, 2 young (4096K), 2 survivors (4096K)
 Metaspace       used 47928K, capacity 48298K, committed 48512K, reserved 1091584K
  class space    used 5850K, capacity 5987K, committed 6016K, reserved 1048576K
}
Event: 4,062 GC heap before
{Heap before GC invocations=15 (full 0):
 garbage-first heap   total 83968K, used 61299K [0x000000070aa00000, 0x0000000800000000)
  region size 2048K, 23 young (47104K), 2 survivors (4096K)
 Metaspace       used 52585K, capacity 52997K, committed 53120K, reserved 1095680K
  class space    used 6378K, capacity 6507K, committed 6528K, reserved 1048576K
}
Event: 4,067 GC heap after
{Heap after GC invocations=16 (full 0):
 garbage-first heap   total 102400K, used 22780K [0x000000070aa00000, 0x0000000800000000)
  region size 2048K, 2 young (4096K), 2 survivors (4096K)
 Metaspace       used 52585K, capacity 52997K, committed 53120K, reserved 1095680K
  class space    used 6378K, capacity 6507K, committed 6528K, reserved 1048576K
}
Event: 4,465 GC heap before
{Heap before GC invocations=16 (full 0):
 garbage-first heap   total 102400K, used 80124K [0x000000070aa00000, 0x0000000800000000)
  region size 2048K, 30 young (61440K), 2 survivors (4096K)
 Metaspace       used 58015K, capacity 58362K, committed 58624K, reserved 1099776K
  class space    used 7193K, capacity 7312K, committed 7424K, reserved 1048576K
}
Event: 4,470 GC heap after
{Heap after GC invocations=17 (full 0):
 garbage-first heap   total 102400K, used 23983K [0x000000070aa00000, 0x0000000800000000)
  region size 2048K, 3 young (6144K), 3 survivors (6144K)
 Metaspace       used 58015K, capacity 58362K, committed 58624K, reserved 1099776K
  class space    used 7193K, capacity 7312K, committed 7424K, reserved 1048576K
}
Event: 4,614 GC heap before
{Heap before GC invocations=17 (full 0):
 garbage-first heap   total 102400K, used 40367K [0x000000070aa00000, 0x0000000800000000)
  region size 2048K, 12 young (24576K), 3 survivors (6144K)
 Metaspace       used 59555K, capacity 59908K, committed 59948K, reserved 1101824K
  class space    used 7407K, capacity 7544K, committed 7552K, reserved 1048576K
}
Event: 4,620 GC heap after
{Heap after GC invocations=18 (full 0):
 garbage-first heap   total 102400K, used 24105K [0x000000070aa00000, 0x0000000800000000)
  region size 2048K, 2 young (4096K), 2 survivors (4096K)
 Metaspace       used 59555K, capacity 59908K, committed 59948K, reserved 1101824K
  class space    used 7407K, capacity 7544K, committed 7552K, reserved 1048576K
}
Event: 5,163 GC heap before
{Heap before GC invocations=19 (full 0):
 garbage-first heap   total 102400K, used 81449K [0x000000070aa00000, 0x0000000800000000)
  region size 2048K, 30 young (61440K), 2 survivors (4096K)
 Metaspace       used 64391K, capacity 64843K, committed 64940K, reserved 1105920K
  class space    used 8012K, capacity 8161K, committed 8192K, reserved 1048576K
}
Event: 5,169 GC heap after
{Heap after GC invocations=20 (full 0):
 garbage-first heap   total 102400K, used 26327K [0x000000070aa00000, 0x0000000800000000)
  region size 2048K, 3 young (6144K), 3 survivors (6144K)
 Metaspace       used 64391K, capacity 64843K, committed 64940K, reserved 1105920K
  class space    used 8012K, capacity 8161K, committed 8192K, reserved 1048576K
}
Event: 5,792 GC heap before
{Heap before GC invocations=20 (full 0):
 garbage-first heap   total 102400K, used 81623K [0x000000070aa00000, 0x0000000800000000)
  region size 2048K, 30 young (61440K), 3 survivors (6144K)
 Metaspace       used 67734K, capacity 68209K, committed 68524K, reserved 1110016K
  class space    used 8435K, capacity 8597K, committed 8704K, reserved 1048576K
}
Event: 5,802 GC heap after
{Heap after GC invocations=21 (full 0):
 garbage-first heap   total 122880K, used 29470K [0x000000070aa00000, 0x0000000800000000)
  region size 2048K, 4 young (8192K), 4 survivors (8192K)
 Metaspace       used 67734K, capacity 68209K, committed 68524K, reserved 1110016K
  class space    used 8435K, capacity 8597K, committed 8704K, reserved 1048576K
}
Event: 6,520 GC heap before
{Heap before GC invocations=21 (full 0):
 garbage-first heap   total 122880K, used 95006K [0x000000070aa00000, 0x0000000800000000)
  region size 2048K, 36 young (73728K), 4 survivors (8192K)
 Metaspace       used 70762K, capacity 71239K, committed 71468K, reserved 1112064K
  class space    used 8908K, capacity 9065K, committed 9088K, reserved 1048576K
}
Event: 6,531 GC heap after
{Heap after GC invocations=22 (full 0):
 garbage-first heap   total 122880K, used 35136K [0x000000070aa00000, 0x0000000800000000)
  region size 2048K, 5 young (10240K), 5 survivors (10240K)
 Metaspace       used 70762K, capacity 71239K, committed 71468K, reserved 1112064K
  class space    used 8908K, capacity 9065K, committed 9088K, reserved 1048576K
}
Event: 7,204 GC heap before
{Heap before GC invocations=22 (full 0):
 garbage-first heap   total 122880K, used 94528K [0x000000070aa00000, 0x0000000800000000)
  region size 2048K, 34 young (69632K), 5 survivors (10240K)
 Metaspace       used 74951K, capacity 75481K, committed 75948K, reserved 1116160K
  class space    used 9477K, capacity 9661K, committed 9728K, reserved 1048576K
}
Event: 7,213 GC heap after
{Heap after GC invocations=23 (full 0):
 garbage-first heap   total 122880K, used 35228K [0x000000070aa00000, 0x0000000800000000)
  region size 2048K, 2 young (4096K), 2 survivors (4096K)
 Metaspace       used 74951K, capacity 75481K, committed 75948K, reserved 1116160K
  class space    used 9477K, capacity 9661K, committed 9728K, reserved 1048576K
}

